Building DAG of jobs...
candidate job all
    wildcards: 
MissingInputException in rule all in file /prj/single-bakti-seq/fmatten/playground/kallisto_snake/workflow/Snakefile, line 24:
Missing input files for rule all:
    affected files:
        raw_data/syn/SRR18828719
        processed_data/syn/SRR18828722
        raw_data/syn/SRR18828716
        raw_data/syn/SRR21850422
        processed_data/syn/SRR18828715
        raw_data/syn/SRR18828717
        raw_data/syn/SRR21850421
        raw_data/syn/SRR18828723
        processed_data/syn/SRR21850421
        processed_data/syn/SRR18828717
        processed_data/syn/SRR21850424
        raw_data/syn/SRR18828721
        processed_data/syn/SRR18828719
        processed_data/syn/SRR21850423
        raw_data/syn/SRR21850423
        processed_data/syn/SRR21850422
        processed_data/syn/SRR18828720
        raw_data/syn/SRR18828718
        processed_data/syn/SRR18828723
        raw_data/syn/SRR17288360
        raw_data/syn/SRR18828715
        raw_data/syn/SRR17288357
        processed_data/syn/SRR18828716
        processed_data/syn/SRR17288361
        processed_data/syn/SRR17288360
        raw_data/syn/SRR21850424
        raw_data/syn/SRR17288361
        raw_data/syn/SRR18828720
        processed_data/syn/SRR17288357
        raw_data/syn/SRR18828722
        processed_data/syn/SRR18828718
        processed_data/syn/SRR18828721
