Building DAG of jobs...
Relative file path './processed_data/syn/SRR21850421' starts with './'. This is redundant and strongly discouraged. It can also lead to inconsistent results of the file-matching approach used by Snakemake. You can simply omit the './' for relative file paths.
Relative file path './processed_data/syn/SRR21850422' starts with './'. This is redundant and strongly discouraged. It can also lead to inconsistent results of the file-matching approach used by Snakemake. You can simply omit the './' for relative file paths.
Relative file path './processed_data/syn/SRR21850423' starts with './'. This is redundant and strongly discouraged. It can also lead to inconsistent results of the file-matching approach used by Snakemake. You can simply omit the './' for relative file paths.
Relative file path './processed_data/syn/SRR21850424' starts with './'. This is redundant and strongly discouraged. It can also lead to inconsistent results of the file-matching approach used by Snakemake. You can simply omit the './' for relative file paths.
Relative file path './processed_data/syn/SRR18828715' starts with './'. This is redundant and strongly discouraged. It can also lead to inconsistent results of the file-matching approach used by Snakemake. You can simply omit the './' for relative file paths.
Relative file path './processed_data/syn/SRR18828716' starts with './'. This is redundant and strongly discouraged. It can also lead to inconsistent results of the file-matching approach used by Snakemake. You can simply omit the './' for relative file paths.
Relative file path './processed_data/syn/SRR18828717' starts with './'. This is redundant and strongly discouraged. It can also lead to inconsistent results of the file-matching approach used by Snakemake. You can simply omit the './' for relative file paths.
Relative file path './processed_data/syn/SRR18828718' starts with './'. This is redundant and strongly discouraged. It can also lead to inconsistent results of the file-matching approach used by Snakemake. You can simply omit the './' for relative file paths.
Relative file path './processed_data/syn/SRR18828719' starts with './'. This is redundant and strongly discouraged. It can also lead to inconsistent results of the file-matching approach used by Snakemake. You can simply omit the './' for relative file paths.
Relative file path './processed_data/syn/SRR18828720' starts with './'. This is redundant and strongly discouraged. It can also lead to inconsistent results of the file-matching approach used by Snakemake. You can simply omit the './' for relative file paths.
Relative file path './processed_data/syn/SRR18828721' starts with './'. This is redundant and strongly discouraged. It can also lead to inconsistent results of the file-matching approach used by Snakemake. You can simply omit the './' for relative file paths.
Relative file path './processed_data/syn/SRR18828722' starts with './'. This is redundant and strongly discouraged. It can also lead to inconsistent results of the file-matching approach used by Snakemake. You can simply omit the './' for relative file paths.
Relative file path './processed_data/syn/SRR18828723' starts with './'. This is redundant and strongly discouraged. It can also lead to inconsistent results of the file-matching approach used by Snakemake. You can simply omit the './' for relative file paths.
Relative file path './processed_data/syn/SRR17288360' starts with './'. This is redundant and strongly discouraged. It can also lead to inconsistent results of the file-matching approach used by Snakemake. You can simply omit the './' for relative file paths.
Relative file path './processed_data/syn/SRR17288361' starts with './'. This is redundant and strongly discouraged. It can also lead to inconsistent results of the file-matching approach used by Snakemake. You can simply omit the './' for relative file paths.
Relative file path './processed_data/syn/SRR17288357' starts with './'. This is redundant and strongly discouraged. It can also lead to inconsistent results of the file-matching approach used by Snakemake. You can simply omit the './' for relative file paths.
candidate job all
    wildcards: 
MissingInputException in rule all in file /prj/single-bakti-seq/fmatten/playground/kallisto_snake/workflow/Snakefile, line 22:
Missing input files for rule all:
    affected files:
        ./processed_data/syn/SRR18828719
        ./processed_data/syn/SRR18828722
        ./processed_data/syn/SRR18828715
        ./processed_data/syn/SRR18828717
        ./processed_data/syn/SRR18828721
        ./processed_data/syn/SRR21850421
        ./processed_data/syn/SRR18828716
        ./processed_data/syn/SRR17288357
        ./processed_data/syn/SRR17288361
        ./processed_data/syn/SRR17288360
        ./processed_data/syn/SRR21850423
        ./processed_data/syn/SRR18828720
        ./processed_data/syn/SRR21850422
        ./processed_data/syn/SRR18828723
        ./processed_data/syn/SRR21850424
        ./processed_data/syn/SRR18828718
