Building DAG of jobs...
candidate job all
    wildcards: 
MissingInputException in rule all in file /prj/single-bakti-seq/fmatten/playground/kallisto_snake/workflow/Snakefile, line 25:
Missing input files for rule all:
    affected files:
        raw_data/fastq/SRR18828722/SRR18828722.fastq
        raw_data/fastq/SRR17288357/SRR17288357.fastq
        raw_data/fastq/SRR18828718/SRR18828718.fastq
        raw_data/fastq/SRR17288361/SRR17288361.fastq
        raw_data/fastq/SRR21850422/SRR21850422.fastq
        raw_data/fastq/SRR21850421/SRR21850421.fastq
        raw_data/fastq/SRR18828719/SRR18828719.fastq
        raw_data/fastq/SRR18828716/SRR18828716.fastq
        raw_data/fastq/SRR18828717/SRR18828717.fastq
        raw_data/fastq/SRR18828720/SRR18828720.fastq
        raw_data/fastq/SRR21850423/SRR21850423.fastq
        raw_data/fastq/SRR21850424/SRR21850424.fastq
        raw_data/fastq/SRR18828721/SRR18828721.fastq
        raw_data/fastq/SRR18828723/SRR18828723.fastq
        raw_data/fastq/SRR18828715/SRR18828715.fastq
        raw_data/fastq/SRR17288360/SRR17288360.fastq
