Building DAG of jobs...
candidate job all
    wildcards: 
candidate job kallisto_pe
    wildcards: genome=syn, accession=SRR21850421
candidate job kallisto_index
    wildcards: genome=syn
selected job kallisto_index
    wildcards: genome=syn
file raw_data/syn/syn.idx:
    Producer found, hence exceptions are ignored.

candidate job kallisto_se
    wildcards: genome=syn, accession=SRR21850421
candidate job kallisto_index
    wildcards: genome=syn
selected job kallisto_index
    wildcards: genome=syn
file raw_data/syn/syn.idx:
    Producer found, hence exceptions are ignored.

WorkflowError:
MissingInputException: Missing input files for rule kallisto_pe:
    output: processed_data/syn/SRR21850421
    wildcards: genome=syn, accession=SRR21850421
    affected files:
        raw_data/fastq/SRR21850421/SRR21850421_2.fastq
        raw_data/fastq/SRR21850421/SRR21850421_1.fastq
MissingInputException: Missing input files for rule kallisto_se:
    output: processed_data/syn/SRR21850421
    wildcards: genome=syn, accession=SRR21850421
    affected files:
        raw_data/fastq/SRR21850421.fastq.gz
