Building DAG of jobs...
candidate job all
    wildcards: 
MissingInputException in rule all in file /prj/single-bakti-seq/fmatten/playground/kallisto_snake/workflow/Snakefile, line 25:
Missing input files for rule all:
    affected files:
        raw_data/fastq/SRR18828723/SRR18828723_1.fastq
        raw_data/fastq/SRR21850421/SRR21850421_1.fastq
        raw_data/fastq/SRR17288360/SRR17288360_1.fastq
        raw_data/fastq/SRR17288361/SRR17288361_1.fastq
        raw_data/fastq/SRR17288357/SRR17288357_1.fastq
        raw_data/fastq/SRR18828716/SRR18828716_1.fastq
        raw_data/fastq/SRR18828719/SRR18828719_1.fastq
        raw_data/fastq/SRR21850422/SRR21850422_1.fastq
        raw_data/fastq/SRR18828717/SRR18828717_1.fastq
        raw_data/fastq/SRR18828718/SRR18828718_1.fastq
        raw_data/fastq/SRR18828722/SRR18828722_1.fastq
        raw_data/fastq/SRR18828715/SRR18828715_1.fastq
        raw_data/fastq/SRR21850424/SRR21850424_1.fastq
        raw_data/fastq/SRR18828720/SRR18828720_1.fastq
        raw_data/fastq/SRR21850423/SRR21850423_1.fastq
        raw_data/fastq/SRR18828721/SRR18828721_1.fastq
